2016-10-16 10:24:19.253 DEBUG h@h.h Logged into system

2016-10-16 10:35:22.774 DEBUG h@h.h Logged into system 
2016-10-16 12:22:51.950 DEBUG disha.sheth@sjsu.edu Logged into system 
2016-10-16 12:47:01.137 DEBUG disha.sheth@sjsu.edu Entered into cart 
2016-10-16 12:47:20.896 DEBUG disha.sheth@sjsu.edu Entered into product page 
2016-10-16 12:47:50.884 DEBUG disha.sheth@sjsu.edu Entered into cart 
2016-10-16 12:48:16.963 DEBUG disha.sheth@sjsu.edu Entered into product page 
2016-10-16 12:52:52.443 DEBUG disha.sheth@sjsu.edu Entered into product page 
2016-10-16 15:14:47.189 DEBUG disha.sheth@sjsu.edu Searched for product %coin% and Category All%20Categories 
2016-10-16 15:15:23.838 DEBUG disha.sheth@sjsu.edu requested for cart 
2016-10-16 15:15:24.635 DEBUG disha.sheth@sjsu.edu Entered into product page 
2016-10-16 15:54:54.742 DEBUG disha.sheth@sjsu.edu Logged into system 
2016-10-16 16:01:29.301 DEBUG d@d.d Logged into system 
2016-10-16 16:03:24.249 DEBUG disha.sheth@sjsu.edu Logged into system 
2016-10-16 16:03:33.670 DEBUG disha.sheth@sjsu.edu Searched for product %sunglasses% and Category All%20Categories 
2016-10-16 16:03:43.909 DEBUG disha.sheth@sjsu.edu requested for cart 
2016-10-16 16:03:44.872 DEBUG disha.sheth@sjsu.edu Entered into product page 
2016-10-16 16:03:59.231 DEBUG disha.sheth@sjsu.edu requested for cart 
2016-10-16 16:04:00.190 DEBUG disha.sheth@sjsu.edu Entered into cart 
2016-10-16 16:04:03.681 DEBUG disha.sheth@sjsu.edu requested for cart 
2016-10-16 16:04:04.549 DEBUG disha.sheth@sjsu.edu Entered into cart 
2016-10-16 16:04:06.488 DEBUG disha.sheth@sjsu.edu requested for cart 
2016-10-16 16:04:07.333 DEBUG disha.sheth@sjsu.edu Entered into cart 
2016-10-16 16:04:17.048 DEBUG disha.sheth@sjsu.edu Searched for product %sunglass% and Category All%20Categories 
2016-10-16 16:04:26.225 DEBUG disha.sheth@sjsu.edu requested for cart 
2016-10-16 16:04:27.176 DEBUG disha.sheth@sjsu.edu Entered into product page 
2016-10-16 16:05:04.893 DEBUG disha.sheth@sjsu.edu requested for cart 
2016-10-16 16:05:05.824 DEBUG disha.sheth@sjsu.edu Entered into cart 
2016-10-16 16:10:00.549 DEBUG disha.sheth@sjsu.edu Logged into system 
2016-10-16 16:31:14.733 DEBUG disha.sheth@sjsu.edu Logged into system 
2016-10-16 16:31:33.511 DEBUG disha.sheth@sjsu.edu Searched for product %coin% and Category All%20Categories 
2016-10-16 16:41:46.393 DEBUG disha.sheth@sjsu.edu Logged into system 
2016-10-16 16:42:25.976 DEBUG disha.sheth@sjsu.edu Searched for product %sunglasses% and Category All%20Categories 
2016-10-16 17:10:13.758 DEBUG disha.sheth@sjsu.edu Logged into system 
2016-10-16 17:10:51.942 DEBUG disha.sheth@sjsu.edu Logged into system 
2016-10-16 17:15:33.424 DEBUG disha.sheth@sjsu.edu Logged into system 
2016-10-16 17:20:40.859 DEBUG disha.sheth@sjsu.edu Logged into system 
2016-10-16 17:27:26.346 DEBUG undefined Searched for product %coin% and Category All%20Categories 
2016-10-16 17:34:39.299 DEBUG disha.sheth@sjsu.edu Logged into system 
2016-10-16 17:36:11.500 DEBUG disha.sheth@sjsu.edu Logged into system 
2016-10-16 17:40:21.233 DEBUG disha.sheth@sjsu.edu Logged into system 
2016-10-16 18:17:37.819 DEBUG undefined Searched for product %coin% and Category All%20Categories 
2016-10-16 18:17:56.732 DEBUG undefined Searched for product %laptop% and Category All%20Categories 
2016-10-16 18:18:03.058 DEBUG undefined Searched for product %laptop% and Category %20Computers%20&%20tablets 
2016-10-16 18:18:10.627 DEBUG undefined Searched for product %coin% and Category %20Antiques 
2016-10-16 18:18:17.874 DEBUG undefined Searched for product %coin% and Category %20Asian%20Antiques 
2016-10-16 18:18:34.063 DEBUG undefined requested for cart 
2016-10-16 18:35:06.555 DEBUG disha.sheth@sjsu.edu Logged into system 
2016-10-16 20:24:02.318 DEBUG disha.sheth@sjsu.edu Logged into system 
2016-10-16 20:25:10.718 DEBUG disha.sheth@sjsu.edu requested for cart 
2016-10-16 20:25:11.706 DEBUG disha.sheth@sjsu.edu Entered into cart 
2016-10-16 20:25:17.533 DEBUG disha.sheth@sjsu.edu Searched for product %dress% and Category All%20Categories 
2016-10-16 20:35:31.233 DEBUG disha.sheth@sjsu.edu Searched for product %coin% and Category All%20Categories 
2016-10-16 20:38:14.675 DEBUG disha.sheth@sjsu.edu Searched for product %iPhone% and Category %20Computers%20&%20tablets 
2016-10-16 20:50:26.002 DEBUG disha.sheth@sjsu.edu requested for cart 
2016-10-16 20:50:26.828 DEBUG disha.sheth@sjsu.edu Entered into product page 
2016-10-16 20:51:31.140 DEBUG disha.sheth@sjsu.edu requested for cart 
2016-10-16 20:51:32.283 DEBUG disha.sheth@sjsu.edu Entered into cart 
2016-10-16 20:56:49.009 DEBUG disha.sheth@sjsu.edu requested for cart 
2016-10-16 20:56:50.106 DEBUG disha.sheth@sjsu.edu Entered into cart 
2016-10-16 20:56:59.727 DEBUG disha.sheth@sjsu.edu Searched for product %iphone% and Category All%20Categories 
2016-10-27 15:20:39.109 DEBUG disha.sheth@sjsu.edu Logged into system 
2016-10-27 17:06:08.532 DEBUG disha.sheth@sjsu.edu Logged into system 
2016-10-27 17:09:24.068 DEBUG disha.sheth@sjsu.edu Searched for product %coin% and Category All%20Categories 
2016-11-01 03:26:23.575 DEBUG undefined Searched for product %coin% and Category All%20Categories 
2016-11-01 03:26:56.236 DEBUG undefined Searched for product %iphone% and Category All%20Categories 
2016-11-01 03:27:07.970 DEBUG undefined requested for cart 
2016-11-03 01:59:08.115 DEBUG undefined Searched for product %coin% and Category All%20Categories 
2016-11-03 11:15:41.071 DEBUG d@d.d requested for cart 
2016-11-03 11:22:56.292 DEBUG d@d.d requested for cart 
2016-11-03 11:24:19.825 DEBUG d@d.d requested for cart 
2016-11-03 11:27:18.218 DEBUG d@d.d requested for cart 
2016-11-03 11:27:19.063 DEBUG d@d.d Entered into cart 
2016-11-03 11:28:14.014 DEBUG d@d.d Searched for product %coin% and Category All%20Categories 
2016-11-03 11:28:21.977 DEBUG d@d.d requested for cart 
2016-11-03 11:33:00.190 DEBUG d@d.d Searched for product %coin% and Category All%20Categories 
2016-11-03 11:33:07.611 DEBUG d@d.d requested for cart 
2016-11-03 11:35:55.306 DEBUG d@d.d Searched for product %coin% and Category All%20Categories 
2016-11-03 11:36:01.600 DEBUG d@d.d requested for cart 
2016-11-03 11:49:10.296 DEBUG d@d.d requested for cart 
2016-11-03 11:49:16.438 DEBUG d@d.d requested for cart 
2016-11-03 11:52:07.567 DEBUG d@d.d requested for cart 
2016-11-03 11:52:17.681 DEBUG d@d.d requested for cart 
2016-11-03 11:52:18.485 DEBUG d@d.d Entered into cart 
2016-11-03 12:05:23.823 DEBUG d@d.d requested for cart 
2016-11-03 14:19:42.567 DEBUG dsheth18@gmail.com requested for cart 
2016-11-03 14:29:35.043 DEBUG dsheth18@gmail.com requested for cart 
2016-11-03 14:29:35.961 DEBUG dsheth18@gmail.com Entered into cart 
2016-11-03 14:37:37.740 DEBUG dsheth18@gmail.com requested for cart 
2016-11-03 14:37:38.678 DEBUG dsheth18@gmail.com Entered into cart 
2016-11-03 14:38:19.607 DEBUG dsheth18@gmail.com requested for cart 
2016-11-03 14:38:20.723 DEBUG dsheth18@gmail.com Entered into cart 
2016-11-03 14:38:26.692 DEBUG dsheth18@gmail.com requested for cart 
2016-11-03 14:38:27.650 DEBUG dsheth18@gmail.com Entered into cart 
2016-11-03 14:38:36.332 DEBUG dsheth18@gmail.com requested for cart 
2016-11-03 14:38:37.309 DEBUG dsheth18@gmail.com Entered into cart 
2016-11-03 14:44:32.778 DEBUG dsheth18@gmail.com requested for cart 
2016-11-03 14:44:34.263 DEBUG dsheth18@gmail.com Entered into cart 
2016-11-03 14:45:05.215 DEBUG dsheth18@gmail.com requested for cart 
2016-11-03 14:45:06.562 DEBUG dsheth18@gmail.com Entered into cart 
2016-11-03 14:46:35.193 DEBUG dsheth18@gmail.com requested for cart 
2016-11-03 14:46:36.201 DEBUG dsheth18@gmail.com Entered into cart 
2016-11-03 14:48:36.217 DEBUG dsheth18@gmail.com Entered into cart 
2016-11-03 14:50:36.254 DEBUG dsheth18@gmail.com Entered into cart 
2016-11-03 15:03:55.417 DEBUG dsheth18@gmail.com Searched for product %iphone% and Category All%20Categories 
2016-11-03 15:04:04.947 DEBUG dsheth18@gmail.com requested for cart 
2016-11-03 15:04:05.994 DEBUG dsheth18@gmail.com Entered into product page 
2016-11-03 15:05:40.998 DEBUG dsheth18@gmail.com requested for cart 
2016-11-03 15:05:41.948 DEBUG dsheth18@gmail.com Entered into product page 
2016-11-03 15:07:41.938 DEBUG dsheth18@gmail.com Entered into product page 
2016-11-03 15:10:09.453 DEBUG dsheth18@gmail.com requested for cart 
2016-11-03 15:10:11.790 DEBUG dsheth18@gmail.com Entered into product page 
2016-11-03 15:11:43.710 DEBUG dsheth18@gmail.com requested for cart 
2016-11-03 15:11:45.693 DEBUG dsheth18@gmail.com Entered into product page 
2016-11-03 15:13:45.703 DEBUG dsheth18@gmail.com Entered into product page 
2016-11-03 15:14:48.507 DEBUG dsheth18@gmail.com requested for cart 
2016-11-03 15:14:50.200 DEBUG dsheth18@gmail.com Entered into cart 
2016-11-03 16:57:21.093 DEBUG dsheth18@gmail.com requested for cart 
2016-11-03 16:57:21.947 DEBUG dsheth18@gmail.com Entered into cart 
2016-11-04 16:38:36.553 DEBUG dsheth18@gmail.com requested for cart 
2016-11-04 16:38:38.066 DEBUG dsheth18@gmail.com Entered into product page 
2016-11-04 16:40:38.172 DEBUG dsheth18@gmail.com Entered into product page 
2016-11-04 16:44:32.259 DEBUG dsheth18@gmail.com requested for cart 
2016-11-04 16:44:33.815 DEBUG dsheth18@gmail.com Entered into product page 
2016-11-04 16:46:07.637 DEBUG dsheth18@gmail.com requested for cart 
2016-11-04 16:46:09.265 DEBUG dsheth18@gmail.com Entered into cart 
2016-11-04 16:47:10.846 DEBUG dsheth18@gmail.com requested for cart 
2016-11-04 16:47:13.373 DEBUG dsheth18@gmail.com Entered into cart 
2016-11-04 16:48:04.833 DEBUG dsheth18@gmail.com requested for cart 
2016-11-04 16:48:06.394 DEBUG dsheth18@gmail.com Entered into cart 
2016-11-04 16:48:53.244 DEBUG dsheth18@gmail.com requested for cart 
2016-11-04 16:48:54.874 DEBUG dsheth18@gmail.com Entered into cart 
2016-11-04 16:49:28.665 DEBUG dsheth18@gmail.com requested for cart 
2016-11-04 16:49:30.104 DEBUG dsheth18@gmail.com Entered into cart 
2016-11-04 16:49:45.367 DEBUG dsheth18@gmail.com requested for cart 
2016-11-04 16:49:46.464 DEBUG dsheth18@gmail.com Entered into cart 
2016-11-04 16:50:49.639 DEBUG undefined requested for cart 
2016-11-04 16:51:15.301 DEBUG dsheth18@gmail.com requested for cart 
2016-11-04 16:51:17.430 DEBUG dsheth18@gmail.com Entered into cart 
2016-11-04 16:57:57.943 DEBUG undefined requested for cart 
2016-11-04 16:58:18.877 DEBUG dsheth18@gmail.com requested for cart 
2016-11-04 16:58:19.968 DEBUG dsheth18@gmail.com Entered into cart 
2016-11-05 00:48:53.958 DEBUG dsheth18@gmail.com requested for cart 
2016-11-05 00:48:56.055 DEBUG dsheth18@gmail.com Entered into cart 
2016-11-05 01:01:55.714 DEBUG dsheth18@gmail.com requested for cart 
2016-11-05 01:02:03.764 DEBUG dsheth18@gmail.com Entered into cart 
2016-11-05 22:51:49.775 DEBUG dsheth18@gmail.com requested for cart 
2016-11-05 22:51:57.609 DEBUG dsheth18@gmail.com Entered into cart 
2016-11-05 22:52:21.455 DEBUG dsheth18@gmail.com requested for cart 
2016-11-05 22:52:24.132 DEBUG dsheth18@gmail.com Entered into product page 
2016-11-05 22:54:24.288 DEBUG dsheth18@gmail.com Entered into product page 
2016-11-05 22:57:07.632 DEBUG dsheth18@gmail.com requested for cart 
2016-11-05 22:57:10.986 DEBUG dsheth18@gmail.com Entered into product page 
2016-11-05 22:59:11.130 DEBUG dsheth18@gmail.com Entered into product page 
2016-11-05 23:07:15.448 DEBUG dsheth18@gmail.com requested for cart 
2016-11-05 23:07:17.728 DEBUG dsheth18@gmail.com Entered into product page 
2016-11-06 00:17:07.092 DEBUG dsheth18@gmail.com requested for cart 
2016-11-06 00:17:10.035 DEBUG dsheth18@gmail.com Entered into product page 
2016-11-06 00:19:10.147 DEBUG dsheth18@gmail.com Entered into product page 
2016-11-06 00:22:38.215 DEBUG dsheth18@gmail.com requested for cart 
2016-11-06 00:22:42.096 DEBUG dsheth18@gmail.com Entered into product page 
2016-11-06 00:29:51.798 DEBUG dsheth18@gmail.com requested for cart 
2016-11-06 00:29:55.452 DEBUG dsheth18@gmail.com Entered into cart 
2016-11-06 00:30:24.113 DEBUG dsheth18@gmail.com requested for cart 
2016-11-06 00:30:26.783 DEBUG dsheth18@gmail.com Entered into cart 
2016-11-06 00:31:12.847 DEBUG dsheth18@gmail.com requested for cart 
2016-11-06 00:31:15.109 DEBUG dsheth18@gmail.com Entered into cart 
2016-11-06 00:31:45.888 DEBUG dsheth18@gmail.com requested for cart 
2016-11-06 00:31:48.091 DEBUG dsheth18@gmail.com Entered into cart 
2016-11-06 00:57:09.956 DEBUG dsheth18@gmail.com requested for cart 
2016-11-06 00:57:13.795 DEBUG dsheth18@gmail.com Entered into cart 
2016-11-06 01:05:15.092 DEBUG dsheth18@gmail.com requested for cart 
2016-11-06 01:05:17.435 DEBUG dsheth18@gmail.com Entered into cart 
2016-11-06 01:07:20.876 DEBUG dsheth18@gmail.com requested for cart 
2016-11-06 01:07:23.726 DEBUG dsheth18@gmail.com Entered into product page 
2016-11-06 01:07:36.266 DEBUG dsheth18@gmail.com requested for cart 
2016-11-06 01:07:38.362 DEBUG dsheth18@gmail.com Entered into cart 
2016-11-06 01:07:42.537 DEBUG dsheth18@gmail.com requested for cart 
2016-11-06 01:07:46.561 DEBUG dsheth18@gmail.com Entered into cart 
2016-11-06 01:10:39.418 DEBUG dsheth18@gmail.com requested for cart 
2016-11-06 01:10:42.325 DEBUG dsheth18@gmail.com Entered into product page 
2016-11-06 01:11:04.683 DEBUG dsheth18@gmail.com requested for cart 
2016-11-06 01:11:06.929 DEBUG dsheth18@gmail.com Entered into cart 
2016-11-06 01:15:24.708 DEBUG dsheth18@gmail.com requested for cart 
2016-11-06 01:15:27.121 DEBUG dsheth18@gmail.com Entered into cart 
2016-11-06 01:16:03.302 DEBUG dsheth18@gmail.com requested for cart 
2016-11-06 01:16:05.480 DEBUG dsheth18@gmail.com Entered into cart 
2016-11-06 01:18:14.182 DEBUG dsheth18@gmail.com requested for cart 
2016-11-06 01:18:16.936 DEBUG dsheth18@gmail.com Entered into cart 
2016-11-06 01:28:32.910 DEBUG dsheth18@gmail.com requested for cart 
2016-11-06 01:28:36.081 DEBUG dsheth18@gmail.com Entered into cart 
2016-11-06 01:30:27.621 DEBUG dsheth18@gmail.com requested for cart 
2016-11-06 01:30:30.586 DEBUG dsheth18@gmail.com Entered into cart 
2016-11-06 01:41:57.781 DEBUG dsheth18@gmail.com requested for cart 
2016-11-06 01:42:03.647 DEBUG dsheth18@gmail.com Entered into cart 
2016-11-06 01:42:47.350 DEBUG dsheth18@gmail.com requested for cart 
2016-11-06 01:42:49.715 DEBUG dsheth18@gmail.com Entered into cart 
2016-11-06 01:44:16.572 DEBUG dsheth18@gmail.com requested for cart 
2016-11-06 01:44:18.896 DEBUG dsheth18@gmail.com Entered into cart 
2016-11-06 01:52:50.239 DEBUG dsheth18@gmail.com requested for cart 
2016-11-06 01:52:54.143 DEBUG dsheth18@gmail.com Entered into cart 
2016-11-06 01:53:44.540 DEBUG dsheth18@gmail.com requested for cart 
2016-11-06 01:53:47.488 DEBUG dsheth18@gmail.com Entered into cart 
2016-11-06 01:54:35.033 DEBUG dsheth18@gmail.com requested for cart 
2016-11-06 01:54:38.629 DEBUG dsheth18@gmail.com Entered into cart 
2016-11-06 01:55:23.066 DEBUG dsheth18@gmail.com requested for cart 
2016-11-06 01:55:25.823 DEBUG dsheth18@gmail.com Entered into cart 
2016-11-06 01:59:19.348 DEBUG dsheth18@gmail.com requested for cart 
2016-11-06 01:59:28.598 DEBUG dsheth18@gmail.com Entered into cart 
2016-11-06 01:01:31.373 DEBUG dsheth18@gmail.com requested for cart 
2016-11-06 01:01:37.754 DEBUG dsheth18@gmail.com Entered into cart 
2016-11-06 01:05:00.473 DEBUG dsheth18@gmail.com requested for cart 
2016-11-06 01:05:02.985 DEBUG dsheth18@gmail.com Entered into cart 
2016-11-06 01:08:17.603 DEBUG dsheth18@gmail.com requested for cart 
2016-11-06 01:08:22.042 DEBUG dsheth18@gmail.com Entered into cart 
2016-11-06 01:09:15.099 DEBUG dsheth18@gmail.com requested for cart 
2016-11-06 01:09:17.017 DEBUG dsheth18@gmail.com Entered into cart 
2016-11-06 02:23:51.051 DEBUG dsheth18@gmail.com requested for cart 
2016-11-06 02:23:54.718 DEBUG dsheth18@gmail.com Entered into cart 
2016-11-06 02:29:38.259 DEBUG dsheth18@gmail.com requested for cart 
2016-11-06 02:29:42.520 DEBUG dsheth18@gmail.com Entered into cart 
2016-11-06 02:31:48.076 DEBUG dsheth18@gmail.com requested for cart 
2016-11-06 02:31:51.325 DEBUG dsheth18@gmail.com Entered into cart 
2016-11-06 02:34:23.391 DEBUG dsheth18@gmail.com requested for cart 
2016-11-06 02:34:25.477 DEBUG dsheth18@gmail.com Entered into cart 
2016-11-06 02:39:46.342 DEBUG dsheth18@gmail.com requested for cart 
2016-11-06 02:39:48.674 DEBUG dsheth18@gmail.com Entered into cart 
2016-11-06 02:43:27.261 DEBUG dsheth18@gmail.com requested for cart 
2016-11-06 02:43:30.139 DEBUG dsheth18@gmail.com Entered into cart 
2016-11-06 02:45:55.527 DEBUG undefined requested for cart 
2016-11-06 02:46:27.532 DEBUG dsheth18@gmail.com requested for cart 
2016-11-06 02:46:30.861 DEBUG dsheth18@gmail.com Entered into cart 
2016-11-06 02:47:00.073 DEBUG dsheth18@gmail.com requested for cart 
2016-11-06 02:47:02.607 DEBUG dsheth18@gmail.com Entered into product page 
2016-11-06 02:50:00.334 DEBUG dsheth18@gmail.com requested for cart 
2016-11-06 02:50:02.305 DEBUG dsheth18@gmail.com Entered into cart 
2016-11-06 02:53:28.362 DEBUG dsheth18@gmail.com requested for cart 
2016-11-06 02:53:31.548 DEBUG dsheth18@gmail.com Entered into cart 
2016-11-06 02:54:51.953 DEBUG dsheth18@gmail.com requested for cart 
2016-11-06 02:54:53.934 DEBUG dsheth18@gmail.com Entered into cart 
2016-11-06 03:02:37.194 DEBUG dsheth18@gmail.com requested for cart 
2016-11-06 03:02:39.610 DEBUG dsheth18@gmail.com Entered into cart 
2016-11-06 03:04:18.653 DEBUG dsheth18@gmail.com requested for cart 
2016-11-06 03:04:21.464 DEBUG dsheth18@gmail.com Entered into cart 
2016-11-06 03:15:48.517 DEBUG dsheth18@gmail.com requested for cart 
2016-11-06 03:15:51.231 DEBUG dsheth18@gmail.com Entered into cart 
2016-11-06 03:20:35.678 DEBUG dsheth18@gmail.com requested for cart 
2016-11-06 03:20:38.165 DEBUG dsheth18@gmail.com Entered into cart 
2016-11-06 03:24:30.141 DEBUG dsheth18@gmail.com requested for cart 
2016-11-06 03:24:34.136 DEBUG dsheth18@gmail.com Entered into cart 
2016-11-06 03:53:32.442 DEBUG dsheth18@gmail.com requested for cart 
2016-11-06 03:53:34.855 DEBUG dsheth18@gmail.com Entered into cart 
2016-11-06 04:07:49.007 DEBUG dsheth18@gmail.com requested for cart 
2016-11-06 04:07:51.238 DEBUG dsheth18@gmail.com Entered into cart 
2016-11-06 11:21:38.734 DEBUG dsheth18@gmail.com requested for cart 
2016-11-06 11:21:39.856 DEBUG dsheth18@gmail.com Entered into product page 
2016-11-06 11:24:22.507 DEBUG dsheth18@gmail.com requested for cart 
2016-11-06 11:24:23.836 DEBUG dsheth18@gmail.com Entered into cart 
2016-11-06 11:25:37.141 DEBUG dsheth18@gmail.com requested for cart 
2016-11-06 11:25:37.932 DEBUG dsheth18@gmail.com Entered into cart 
2016-11-06 11:25:52.518 DEBUG dsheth18@gmail.com requested for cart 
2016-11-06 11:25:53.371 DEBUG dsheth18@gmail.com Entered into product page 
2016-11-06 11:33:37.532 DEBUG dsheth18@gmail.com requested for cart 
2016-11-06 11:33:38.452 DEBUG dsheth18@gmail.com Entered into cart 
2016-11-06 11:33:53.854 DEBUG dsheth18@gmail.com requested for cart 
2016-11-06 11:33:54.929 DEBUG dsheth18@gmail.com Entered into cart 
2016-11-06 11:34:42.974 DEBUG dsheth18@gmail.com requested for cart 
2016-11-06 11:34:43.813 DEBUG dsheth18@gmail.com Entered into cart 
2016-11-06 14:33:08.498 DEBUG undefined requested for cart 
2016-11-06 14:33:24.342 DEBUG undefined requested for cart 
2016-11-06 14:33:48.033 DEBUG dsheth18@gmail.com requested for cart 
2016-11-06 14:33:49.449 DEBUG dsheth18@gmail.com Entered into cart 
2016-11-06 14:35:53.159 DEBUG dsheth18@gmail.com requested for cart 
2016-11-06 14:35:54.600 DEBUG dsheth18@gmail.com Entered into cart 
2016-11-06 17:59:49.503 DEBUG undefined requested for cart 
2016-11-06 18:00:24.673 DEBUG undefined requested for cart 
2016-11-06 18:10:27.993 DEBUG undefined requested for cart 
2016-11-06 18:13:08.657 DEBUG undefined requested for cart 
2016-11-06 20:21:06.446 DEBUG undefined requested for cart 
